<?xml version="1.0" encoding="UTF-8"?>
<!-- Generated by org.testng.reporters.JUnitXMLReporter -->
<testsuite ignored="0" hostname="K520LTRV" failures="5" tests="13" name="Test" time="189.835" errors="0" timestamp="2024-06-10T22:36:46 IST">
  <testcase classname="com.ust.pharmeasy.tests.VerifyFAQPage" name="@BeforeMethod beforeMethod" time="37.85">
    <failure type="org.openqa.selenium.TimeoutException" message="timeout: Timed out receiving message from renderer: 30.000
  (Session info: chrome=125.0.6422.142)
Build info: version: &amp;apos;4.20.0&amp;apos;, revision: &amp;apos;866c76ca80&amp;apos;
System info: os.name: &amp;apos;Windows 10&amp;apos;, os.arch: &amp;apos;amd64&amp;apos;, os.version: &amp;apos;10.0&amp;apos;, java.version: &amp;apos;17.0.11&amp;apos;
Driver info: org.openqa.selenium.chrome.ChromeDriver
Command: [1d5b6f7fd338416f93e007d8f3fdedcc, clickElement {id=f.E0B4117E7CE806FE571E5B2383BCB768.d.C244371D3DD2C14698A0F7F6A796492D.e.1055}]
Capabilities {acceptInsecureCerts: false, browserName: chrome, browserVersion: 125.0.6422.142, chrome: {chromedriverVersion: 125.0.6422.141 (4b1e8393712..., userDataDir: C:\Users\271662\AppData\Loc...}, fedcm:accounts: true, goog:chromeOptions: {debuggerAddress: localhost:55468}, networkConnectionEnabled: false, pageLoadStrategy: normal, platformName: windows, proxy: Proxy(), se:cdp: ws://localhost:55468/devtoo..., se:cdpVersion: 125.0.6422.142, setWindowRect: true, strictFileInteractability: false, timeouts: {implicit: 0, pageLoad: 300000, script: 30000}, unhandledPromptBehavior: dismiss and notify, webauthn:extension:credBlob: true, webauthn:extension:largeBlob: true, webauthn:extension:minPinLength: true, webauthn:extension:prf: true, webauthn:virtualAuthenticators: true}
Element: [[ChromeDriver: chrome on windows (1d5b6f7fd338416f93e007d8f3fdedcc)] -&amp;gt; link text: FAQs]
Session ID: 1d5b6f7fd338416f93e007d8f3fdedcc">
      <![CDATA[org.openqa.selenium.TimeoutException: timeout: Timed out receiving message from renderer: 30.000
  (Session info: chrome=125.0.6422.142)
Build info: version: '4.20.0', revision: '866c76ca80'
System info: os.name: 'Windows 10', os.arch: 'amd64', os.version: '10.0', java.version: '17.0.11'
Driver info: org.openqa.selenium.chrome.ChromeDriver
Command: [1d5b6f7fd338416f93e007d8f3fdedcc, clickElement {id=f.E0B4117E7CE806FE571E5B2383BCB768.d.C244371D3DD2C14698A0F7F6A796492D.e.1055}]
Capabilities {acceptInsecureCerts: false, browserName: chrome, browserVersion: 125.0.6422.142, chrome: {chromedriverVersion: 125.0.6422.141 (4b1e8393712..., userDataDir: C:\Users\271662\AppData\Loc...}, fedcm:accounts: true, goog:chromeOptions: {debuggerAddress: localhost:55468}, networkConnectionEnabled: false, pageLoadStrategy: normal, platformName: windows, proxy: Proxy(), se:cdp: ws://localhost:55468/devtoo..., se:cdpVersion: 125.0.6422.142, setWindowRect: true, strictFileInteractability: false, timeouts: {implicit: 0, pageLoad: 300000, script: 30000}, unhandledPromptBehavior: dismiss and notify, webauthn:extension:credBlob: true, webauthn:extension:largeBlob: true, webauthn:extension:minPinLength: true, webauthn:extension:prf: true, webauthn:virtualAuthenticators: true}
Element: [[ChromeDriver: chrome on windows (1d5b6f7fd338416f93e007d8f3fdedcc)] -> link text: FAQs]
Session ID: 1d5b6f7fd338416f93e007d8f3fdedcc
at org.openqa.selenium.remote.ErrorCodec.decode(ErrorCodec.java:167)
at org.openqa.selenium.remote.codec.w3c.W3CHttpResponseCodec.decode(W3CHttpResponseCodec.java:138)
at org.openqa.selenium.remote.codec.w3c.W3CHttpResponseCodec.decode(W3CHttpResponseCodec.java:50)
at org.openqa.selenium.remote.HttpCommandExecutor.execute(HttpCommandExecutor.java:190)
at org.openqa.selenium.remote.service.DriverCommandExecutor.invokeExecute(DriverCommandExecutor.java:216)
at org.openqa.selenium.remote.service.DriverCommandExecutor.execute(DriverCommandExecutor.java:174)
at org.openqa.selenium.remote.RemoteWebDriver.execute(RemoteWebDriver.java:518)
at org.openqa.selenium.remote.RemoteWebElement.execute(RemoteWebElement.java:223)
at org.openqa.selenium.remote.RemoteWebElement.click(RemoteWebElement.java:76)
at org.openqa.selenium.support.pagefactory.internal.LocatingElementHandler.invoke(LocatingElementHandler.java:51)
at jdk.proxy2/jdk.proxy2.$Proxy19.click(Unknown Source)
at com.ust.pharmeasy.pageimpl.HomePageImpl.openFaqPage(HomePageImpl.java:107)
at com.ust.pharmeasy.tests.VerifyFAQPage.beforeMethod(VerifyFAQPage.java:74)
at java.base/java.util.ArrayList.forEach(ArrayList.java:1511)
... Removed 40 stack frames]]>
    </failure>
  </testcase> <!-- @BeforeMethod beforeMethod -->
  <testcase classname="com.ust.pharmeasy.tests.VerifyFAQPage" name="@BeforeMethod beforeMethod" time="0.0">
    <skipped/>
  </testcase> <!-- @BeforeMethod beforeMethod -->
  <testcase classname="com.ust.pharmeasy.tests.VerifyProductSort" name="verifyPriceHighToLowSort" time="38.917">
    <failure type="org.openqa.selenium.TimeoutException" message="timeout: Timed out receiving message from renderer: 30.000
  (Session info: chrome=125.0.6422.142)
Build info: version: &amp;apos;4.20.0&amp;apos;, revision: &amp;apos;866c76ca80&amp;apos;
System info: os.name: &amp;apos;Windows 10&amp;apos;, os.arch: &amp;apos;amd64&amp;apos;, os.version: &amp;apos;10.0&amp;apos;, java.version: &amp;apos;17.0.11&amp;apos;
Driver info: org.openqa.selenium.chrome.ChromeDriver
Command: [1d5b6f7fd338416f93e007d8f3fdedcc, clickElement {id=f.E0B4117E7CE806FE571E5B2383BCB768.d.CB6C6E14FC80CE408B180C9A634C7599.e.206}]
Capabilities {acceptInsecureCerts: false, browserName: chrome, browserVersion: 125.0.6422.142, chrome: {chromedriverVersion: 125.0.6422.141 (4b1e8393712..., userDataDir: C:\Users\271662\AppData\Loc...}, fedcm:accounts: true, goog:chromeOptions: {debuggerAddress: localhost:55468}, networkConnectionEnabled: false, pageLoadStrategy: normal, platformName: windows, proxy: Proxy(), se:cdp: ws://localhost:55468/devtoo..., se:cdpVersion: 125.0.6422.142, setWindowRect: true, strictFileInteractability: false, timeouts: {implicit: 0, pageLoad: 300000, script: 30000}, unhandledPromptBehavior: dismiss and notify, webauthn:extension:credBlob: true, webauthn:extension:largeBlob: true, webauthn:extension:minPinLength: true, webauthn:extension:prf: true, webauthn:virtualAuthenticators: true}
Element: [[ChromeDriver: chrome on windows (1d5b6f7fd338416f93e007d8f3fdedcc)] -&amp;gt; link text: Healthcare]
Session ID: 1d5b6f7fd338416f93e007d8f3fdedcc">
      <![CDATA[org.openqa.selenium.TimeoutException: timeout: Timed out receiving message from renderer: 30.000
  (Session info: chrome=125.0.6422.142)
Build info: version: '4.20.0', revision: '866c76ca80'
System info: os.name: 'Windows 10', os.arch: 'amd64', os.version: '10.0', java.version: '17.0.11'
Driver info: org.openqa.selenium.chrome.ChromeDriver
Command: [1d5b6f7fd338416f93e007d8f3fdedcc, clickElement {id=f.E0B4117E7CE806FE571E5B2383BCB768.d.CB6C6E14FC80CE408B180C9A634C7599.e.206}]
Capabilities {acceptInsecureCerts: false, browserName: chrome, browserVersion: 125.0.6422.142, chrome: {chromedriverVersion: 125.0.6422.141 (4b1e8393712..., userDataDir: C:\Users\271662\AppData\Loc...}, fedcm:accounts: true, goog:chromeOptions: {debuggerAddress: localhost:55468}, networkConnectionEnabled: false, pageLoadStrategy: normal, platformName: windows, proxy: Proxy(), se:cdp: ws://localhost:55468/devtoo..., se:cdpVersion: 125.0.6422.142, setWindowRect: true, strictFileInteractability: false, timeouts: {implicit: 0, pageLoad: 300000, script: 30000}, unhandledPromptBehavior: dismiss and notify, webauthn:extension:credBlob: true, webauthn:extension:largeBlob: true, webauthn:extension:minPinLength: true, webauthn:extension:prf: true, webauthn:virtualAuthenticators: true}
Element: [[ChromeDriver: chrome on windows (1d5b6f7fd338416f93e007d8f3fdedcc)] -> link text: Healthcare]
Session ID: 1d5b6f7fd338416f93e007d8f3fdedcc
at org.openqa.selenium.remote.ErrorCodec.decode(ErrorCodec.java:167)
at org.openqa.selenium.remote.codec.w3c.W3CHttpResponseCodec.decode(W3CHttpResponseCodec.java:138)
at org.openqa.selenium.remote.codec.w3c.W3CHttpResponseCodec.decode(W3CHttpResponseCodec.java:50)
at org.openqa.selenium.remote.HttpCommandExecutor.execute(HttpCommandExecutor.java:190)
at org.openqa.selenium.remote.service.DriverCommandExecutor.invokeExecute(DriverCommandExecutor.java:216)
at org.openqa.selenium.remote.service.DriverCommandExecutor.execute(DriverCommandExecutor.java:174)
at org.openqa.selenium.remote.RemoteWebDriver.execute(RemoteWebDriver.java:518)
at org.openqa.selenium.remote.RemoteWebElement.execute(RemoteWebElement.java:223)
at org.openqa.selenium.remote.RemoteWebElement.click(RemoteWebElement.java:76)
at org.openqa.selenium.support.pagefactory.internal.LocatingElementHandler.invoke(LocatingElementHandler.java:51)
at jdk.proxy2/jdk.proxy2.$Proxy19.click(Unknown Source)
at com.ust.pharmeasy.pageimpl.HomePageImpl.openHealthCarePage(HomePageImpl.java:102)
at com.ust.pharmeasy.tests.VerifyProductSort.verifyPriceHighToLowSort(VerifyProductSort.java:30)
at java.base/java.util.ArrayList.forEach(ArrayList.java:1511)
... Removed 36 stack frames]]>
    </failure>
  </testcase> <!-- verifyPriceHighToLowSort -->
  <testcase classname="com.ust.pharmeasy.tests.VerifyProductSort" name="verifyPriceLowToHighSort" time="0.005">
    <failure type="java.lang.NullPointerException" message="Cannot invoke &amp;quot;com.ust.pharmeasy.pageimpl.TopProductPageImpl.clickSort()&amp;quot; because &amp;quot;this.topProducts&amp;quot; is null">
      <![CDATA[java.lang.NullPointerException: Cannot invoke "com.ust.pharmeasy.pageimpl.TopProductPageImpl.clickSort()" because "this.topProducts" is null
at com.ust.pharmeasy.tests.VerifyProductSort.verifyPriceLowToHighSort(VerifyProductSort.java:42)
at java.base/java.util.ArrayList.forEach(ArrayList.java:1511)
... Removed 27 stack frames]]>
    </failure>
  </testcase> <!-- verifyPriceLowToHighSort -->
  <testcase classname="com.ust.pharmeasy.tests.VerifyProductSort" name="verifyDiscountSort" time="0.001">
    <failure type="java.lang.NullPointerException" message="Cannot invoke &amp;quot;com.ust.pharmeasy.pageimpl.TopProductPageImpl.clickSort()&amp;quot; because &amp;quot;this.topProducts&amp;quot; is null">
      <![CDATA[java.lang.NullPointerException: Cannot invoke "com.ust.pharmeasy.pageimpl.TopProductPageImpl.clickSort()" because "this.topProducts" is null
at com.ust.pharmeasy.tests.VerifyProductSort.verifyDiscountSort(VerifyProductSort.java:51)
at java.base/java.util.ArrayList.forEach(ArrayList.java:1511)
... Removed 27 stack frames]]>
    </failure>
  </testcase> <!-- verifyDiscountSort -->
  <testcase classname="com.ust.pharmeasy.tests.VerifyFAQPage" name="verifyDelivaryFAQ" time="9.534"/>
  <testcase classname="com.ust.pharmeasy.tests.VerifyFAQPage" name="verifyDiagonosticsFAQ" time="2.813"/>
  <testcase classname="com.ust.pharmeasy.tests.VerifyFAQPage" name="verifyMedicineAndHealthCareFAQ" time="0.0">
    <skipped/>
  </testcase> <!-- verifyMedicineAndHealthCareFAQ -->
  <testcase classname="com.ust.pharmeasy.tests.VerifyFAQPage" name="verifyPaymentFAQ" time="0.0">
    <skipped/>
  </testcase> <!-- verifyPaymentFAQ -->
  <testcase classname="com.ust.pharmeasy.tests.VerifyPrescriptionRequiredProducts" name="verifyPrescriptionNotRequiredIcon" time="20.723"/>
  <testcase classname="com.ust.pharmeasy.tests.VerifyPrescriptionRequiredProducts" name="verifyPrescriptionRequiredIcon" time="12.275"/>
  <testcase classname="com.ust.pharmeasy.tests.VerifyOffersCatagory" name="verifyPaymentOffer" time="5.409">
    <failure type="java.lang.AssertionError" message="expected [Get FLAT ₹250 off on medicines] but found [FLAT 20% OFF on medicine order]">
      <![CDATA[java.lang.AssertionError: expected [Get FLAT ₹250 off on medicines] but found [FLAT 20% OFF on medicine order]
at com.ust.pharmeasy.tests.VerifyOffersCatagory.verifyPaymentOffer(VerifyOffersCatagory.java:29)
at java.base/java.util.ArrayList.forEach(ArrayList.java:1511)
... Removed 33 stack frames]]>
    </failure>
  </testcase> <!-- verifyPaymentOffer -->
  <testcase classname="com.ust.pharmeasy.tests.VerifyOffersCatagory" name="verifyDiagonoticOffer" time="1.187"/>
  <testcase classname="com.ust.pharmeasy.tests.VerifyOffersCatagory" name="verifyMedicineOffer" time="1.163">
    <failure type="java.lang.AssertionError" message="expected [FLAT 25% OFF on medicine orders] but found [FLAT 27% OFF on your medicine order]">
      <![CDATA[java.lang.AssertionError: expected [FLAT 25% OFF on medicine orders] but found [FLAT 27% OFF on your medicine order]
at com.ust.pharmeasy.tests.VerifyOffersCatagory.verifyMedicineOffer(VerifyOffersCatagory.java:45)
at java.base/java.util.ArrayList.forEach(ArrayList.java:1511)
... Removed 33 stack frames]]>
    </failure>
  </testcase> <!-- verifyMedicineOffer -->
  <testcase classname="com.ust.pharmeasy.tests.VerifyOffersCatagory" name="verifyHealthcareOffer" time="1.199"/>
</testsuite> <!-- Test -->
