<!DOCTYPE html PUBLIC "-//W3C//DTD XHTML 1.1//EN" "https://www.w3.org/TR/xhtml11/DTD/xhtml11.dtd">
<html xmlns="https://www.w3.org/1999/xhtml">
<head>
<meta http-equiv="content-type" content="text/html; charset=UTF-8"/>
<title>TestNG Report</title>
<style type="text/css">table {margin-bottom:10px;border-collapse:collapse;empty-cells:show}th,td {border:1px solid #009;padding:.25em .5em}th {vertical-align:bottom}td {vertical-align:top}table a {font-weight:bold}.stripe td {background-color: #E6EBF9}.num {text-align:right}.passedodd td {background-color: #3F3}.passedeven td {background-color: #0A0}.skippedodd td {background-color: #DDD}.skippedeven td {background-color: #CCC}.failedodd td,.attn {background-color: #F33}.failedeven td,.stripe .attn {background-color: #D00}.stacktrace {white-space:pre;font-family:monospace}.totop {font-size:85%;text-align:center;border-bottom:2px solid #000}.invisible {display:none}</style>
</head>
<body>
<table>
<tr><th>Test</th><th># Passed</th><th># Skipped</th><th># Retried</th><th># Failed</th><th>Time (ms)</th><th>Included Groups</th><th>Excluded Groups</th></tr>
<tr><th colspan="8">Suite</th></tr>
<tr><td><a href="#t0">Test</a></td><td class="num">6</td><td class="num attn">2</td><td class="num">0</td><td class="num attn">5</td><td class="num">189,835</td><td></td><td></td></tr>
</table>
<table id='summary'><thead><tr><th>Class</th><th>Method</th><th>Start</th><th>Time (ms)</th></tr></thead><tbody><tr><th colspan="4">Suite</th></tr></tbody><tbody id="t0"><tr><th colspan="4">Test &#8212; failed (configuration methods)</th></tr><tr class="failedeven"><td rowspan="1">com.ust.pharmeasy.tests.VerifyFAQPage</td><td><a href="#m0">beforeMethod</a></td><td rowspan="1">1718039115418</td><td rowspan="1">37850</td></tr><tr><th colspan="4">Test &#8212; failed</th></tr><tr class="failedeven"><td rowspan="2">com.ust.pharmeasy.tests.VerifyOffersCatagory</td><td><a href="#m1">verifyMedicineOffer</a></td><td rowspan="1">1718039203313</td><td rowspan="1">1163</td></tr><tr class="failedeven"><td><a href="#m2">verifyPaymentOffer</a></td><td rowspan="1">1718039196184</td><td rowspan="1">5409</td></tr><tr class="failedodd"><td rowspan="3">com.ust.pharmeasy.tests.VerifyProductSort</td><td><a href="#m3">verifyDiscountSort</a></td><td rowspan="1">1718039066242</td><td rowspan="1">1</td></tr><tr class="failedodd"><td><a href="#m4">verifyPriceHighToLowSort</a></td><td rowspan="1">1718039026118</td><td rowspan="1">38917</td></tr><tr class="failedodd"><td><a href="#m5">verifyPriceLowToHighSort</a></td><td rowspan="1">1718039065718</td><td rowspan="1">5</td></tr><tr><th colspan="4">Test &#8212; skipped (configuration methods)</th></tr><tr class="skippedeven"><td rowspan="1">com.ust.pharmeasy.tests.VerifyFAQPage</td><td><a href="#m6">beforeMethod</a></td><td rowspan="1">1718039153278</td><td rowspan="1">0</td></tr><tr><th colspan="4">Test &#8212; skipped</th></tr><tr class="skippedeven"><td rowspan="2">com.ust.pharmeasy.tests.VerifyFAQPage</td><td><a href="#m7">verifyMedicineAndHealthCareFAQ</a></td><td rowspan="1">1718039153272</td><td rowspan="1">0</td></tr><tr class="skippedeven"><td><a href="#m8">verifyPaymentFAQ</a></td><td rowspan="1">1718039153279</td><td rowspan="1">0</td></tr><tr><th colspan="4">Test &#8212; passed</th></tr><tr class="passedeven"><td rowspan="2">com.ust.pharmeasy.tests.VerifyFAQPage</td><td><a href="#m9">verifyDelivaryFAQ</a></td><td rowspan="1">1718039096184</td><td rowspan="1">9534</td></tr><tr class="passedeven"><td><a href="#m10">verifyDiagonosticsFAQ</a></td><td rowspan="1">1718039112188</td><td rowspan="1">2813</td></tr><tr class="passedodd"><td rowspan="2">com.ust.pharmeasy.tests.VerifyOffersCatagory</td><td><a href="#m11">verifyDiagonoticOffer</a></td><td rowspan="1">1718039201862</td><td rowspan="1">1187</td></tr><tr class="passedodd"><td><a href="#m12">verifyHealthcareOffer</a></td><td rowspan="1">1718039204661</td><td rowspan="1">1199</td></tr><tr class="passedeven"><td rowspan="2">com.ust.pharmeasy.tests.VerifyPrescriptionRequiredProducts</td><td><a href="#m13">verifyPrescriptionNotRequiredIcon</a></td><td rowspan="1">1718039158183</td><td rowspan="1">20723</td></tr><tr class="passedeven"><td><a href="#m14">verifyPrescriptionRequiredIcon</a></td><td rowspan="1">1718039181432</td><td rowspan="1">12275</td></tr></tbody>
</table>
<h2>Test</h2><h3 id="m0">com.ust.pharmeasy.tests.VerifyFAQPage#beforeMethod</h3><table class="result"><tr><th>Exception</th></tr><tr><td><div class="stacktrace">org.openqa.selenium.TimeoutException: timeout: Timed out receiving message from renderer: 30.000
  (Session info: chrome=125.0.6422.142)
Build info: version: &apos;4.20.0&apos;, revision: &apos;866c76ca80&apos;
System info: os.name: &apos;Windows 10&apos;, os.arch: &apos;amd64&apos;, os.version: &apos;10.0&apos;, java.version: &apos;17.0.11&apos;
Driver info: org.openqa.selenium.chrome.ChromeDriver
Command: [1d5b6f7fd338416f93e007d8f3fdedcc, clickElement {id=f.E0B4117E7CE806FE571E5B2383BCB768.d.C244371D3DD2C14698A0F7F6A796492D.e.1055}]
Capabilities {acceptInsecureCerts: false, browserName: chrome, browserVersion: 125.0.6422.142, chrome: {chromedriverVersion: 125.0.6422.141 (4b1e8393712..., userDataDir: C:\Users\271662\AppData\Loc...}, fedcm:accounts: true, goog:chromeOptions: {debuggerAddress: localhost:55468}, networkConnectionEnabled: false, pageLoadStrategy: normal, platformName: windows, proxy: Proxy(), se:cdp: ws://localhost:55468/devtoo..., se:cdpVersion: 125.0.6422.142, setWindowRect: true, strictFileInteractability: false, timeouts: {implicit: 0, pageLoad: 300000, script: 30000}, unhandledPromptBehavior: dismiss and notify, webauthn:extension:credBlob: true, webauthn:extension:largeBlob: true, webauthn:extension:minPinLength: true, webauthn:extension:prf: true, webauthn:virtualAuthenticators: true}
Element: [[ChromeDriver: chrome on windows (1d5b6f7fd338416f93e007d8f3fdedcc)] -&gt; link text: FAQs]
Session ID: 1d5b6f7fd338416f93e007d8f3fdedcc
	at org.openqa.selenium.remote.ErrorCodec.decode(ErrorCodec.java:167)
	at org.openqa.selenium.remote.codec.w3c.W3CHttpResponseCodec.decode(W3CHttpResponseCodec.java:138)
	at org.openqa.selenium.remote.codec.w3c.W3CHttpResponseCodec.decode(W3CHttpResponseCodec.java:50)
	at org.openqa.selenium.remote.HttpCommandExecutor.execute(HttpCommandExecutor.java:190)
	at org.openqa.selenium.remote.service.DriverCommandExecutor.invokeExecute(DriverCommandExecutor.java:216)
	at org.openqa.selenium.remote.service.DriverCommandExecutor.execute(DriverCommandExecutor.java:174)
	at org.openqa.selenium.remote.RemoteWebDriver.execute(RemoteWebDriver.java:518)
	at org.openqa.selenium.remote.RemoteWebElement.execute(RemoteWebElement.java:223)
	at org.openqa.selenium.remote.RemoteWebElement.click(RemoteWebElement.java:76)
	at org.openqa.selenium.support.pagefactory.internal.LocatingElementHandler.invoke(LocatingElementHandler.java:51)
	at jdk.proxy2/jdk.proxy2.$Proxy19.click(Unknown Source)
	at com.ust.pharmeasy.pageimpl.HomePageImpl.openFaqPage(HomePageImpl.java:107)
	at com.ust.pharmeasy.tests.VerifyFAQPage.beforeMethod(VerifyFAQPage.java:74)
	at java.base/java.util.ArrayList.forEach(ArrayList.java:1511)
... Removed 40 stack frames</div></td></tr></table><p class="totop"><a href="#summary">back to summary</a></p>
<h3 id="m1">com.ust.pharmeasy.tests.VerifyOffersCatagory#verifyMedicineOffer</h3><table class="result"><tr><th>Exception</th></tr><tr><td><div class="stacktrace">java.lang.AssertionError: expected [FLAT 25% OFF on medicine orders] but found [FLAT 27% OFF on your medicine order]
	at com.ust.pharmeasy.tests.VerifyOffersCatagory.verifyMedicineOffer(VerifyOffersCatagory.java:45)
	at java.base/java.util.ArrayList.forEach(ArrayList.java:1511)
... Removed 33 stack frames</div></td></tr></table><p class="totop"><a href="#summary">back to summary</a></p>
<h3 id="m2">com.ust.pharmeasy.tests.VerifyOffersCatagory#verifyPaymentOffer</h3><table class="result"><tr><th>Exception</th></tr><tr><td><div class="stacktrace">java.lang.AssertionError: expected [Get FLAT â‚¹250 off on medicines] but found [FLAT 20% OFF on medicine order]
	at com.ust.pharmeasy.tests.VerifyOffersCatagory.verifyPaymentOffer(VerifyOffersCatagory.java:29)
	at java.base/java.util.ArrayList.forEach(ArrayList.java:1511)
... Removed 33 stack frames</div></td></tr></table><p class="totop"><a href="#summary">back to summary</a></p>
<h3 id="m3">com.ust.pharmeasy.tests.VerifyProductSort#verifyDiscountSort</h3><table class="result"><tr><th>Exception</th></tr><tr><td><div class="stacktrace">java.lang.NullPointerException: Cannot invoke &quot;com.ust.pharmeasy.pageimpl.TopProductPageImpl.clickSort()&quot; because &quot;this.topProducts&quot; is null
	at com.ust.pharmeasy.tests.VerifyProductSort.verifyDiscountSort(VerifyProductSort.java:51)
	at java.base/java.util.ArrayList.forEach(ArrayList.java:1511)
... Removed 27 stack frames</div></td></tr></table><p class="totop"><a href="#summary">back to summary</a></p>
<h3 id="m4">com.ust.pharmeasy.tests.VerifyProductSort#verifyPriceHighToLowSort</h3><table class="result"><tr><th>Exception</th></tr><tr><td><div class="stacktrace">org.openqa.selenium.TimeoutException: timeout: Timed out receiving message from renderer: 30.000
  (Session info: chrome=125.0.6422.142)
Build info: version: &apos;4.20.0&apos;, revision: &apos;866c76ca80&apos;
System info: os.name: &apos;Windows 10&apos;, os.arch: &apos;amd64&apos;, os.version: &apos;10.0&apos;, java.version: &apos;17.0.11&apos;
Driver info: org.openqa.selenium.chrome.ChromeDriver
Command: [1d5b6f7fd338416f93e007d8f3fdedcc, clickElement {id=f.E0B4117E7CE806FE571E5B2383BCB768.d.CB6C6E14FC80CE408B180C9A634C7599.e.206}]
Capabilities {acceptInsecureCerts: false, browserName: chrome, browserVersion: 125.0.6422.142, chrome: {chromedriverVersion: 125.0.6422.141 (4b1e8393712..., userDataDir: C:\Users\271662\AppData\Loc...}, fedcm:accounts: true, goog:chromeOptions: {debuggerAddress: localhost:55468}, networkConnectionEnabled: false, pageLoadStrategy: normal, platformName: windows, proxy: Proxy(), se:cdp: ws://localhost:55468/devtoo..., se:cdpVersion: 125.0.6422.142, setWindowRect: true, strictFileInteractability: false, timeouts: {implicit: 0, pageLoad: 300000, script: 30000}, unhandledPromptBehavior: dismiss and notify, webauthn:extension:credBlob: true, webauthn:extension:largeBlob: true, webauthn:extension:minPinLength: true, webauthn:extension:prf: true, webauthn:virtualAuthenticators: true}
Element: [[ChromeDriver: chrome on windows (1d5b6f7fd338416f93e007d8f3fdedcc)] -&gt; link text: Healthcare]
Session ID: 1d5b6f7fd338416f93e007d8f3fdedcc
	at org.openqa.selenium.remote.ErrorCodec.decode(ErrorCodec.java:167)
	at org.openqa.selenium.remote.codec.w3c.W3CHttpResponseCodec.decode(W3CHttpResponseCodec.java:138)
	at org.openqa.selenium.remote.codec.w3c.W3CHttpResponseCodec.decode(W3CHttpResponseCodec.java:50)
	at org.openqa.selenium.remote.HttpCommandExecutor.execute(HttpCommandExecutor.java:190)
	at org.openqa.selenium.remote.service.DriverCommandExecutor.invokeExecute(DriverCommandExecutor.java:216)
	at org.openqa.selenium.remote.service.DriverCommandExecutor.execute(DriverCommandExecutor.java:174)
	at org.openqa.selenium.remote.RemoteWebDriver.execute(RemoteWebDriver.java:518)
	at org.openqa.selenium.remote.RemoteWebElement.execute(RemoteWebElement.java:223)
	at org.openqa.selenium.remote.RemoteWebElement.click(RemoteWebElement.java:76)
	at org.openqa.selenium.support.pagefactory.internal.LocatingElementHandler.invoke(LocatingElementHandler.java:51)
	at jdk.proxy2/jdk.proxy2.$Proxy19.click(Unknown Source)
	at com.ust.pharmeasy.pageimpl.HomePageImpl.openHealthCarePage(HomePageImpl.java:102)
	at com.ust.pharmeasy.tests.VerifyProductSort.verifyPriceHighToLowSort(VerifyProductSort.java:30)
	at java.base/java.util.ArrayList.forEach(ArrayList.java:1511)
... Removed 36 stack frames</div></td></tr></table><p class="totop"><a href="#summary">back to summary</a></p>
<h3 id="m5">com.ust.pharmeasy.tests.VerifyProductSort#verifyPriceLowToHighSort</h3><table class="result"><tr><th>Exception</th></tr><tr><td><div class="stacktrace">java.lang.NullPointerException: Cannot invoke &quot;com.ust.pharmeasy.pageimpl.TopProductPageImpl.clickSort()&quot; because &quot;this.topProducts&quot; is null
	at com.ust.pharmeasy.tests.VerifyProductSort.verifyPriceLowToHighSort(VerifyProductSort.java:42)
	at java.base/java.util.ArrayList.forEach(ArrayList.java:1511)
... Removed 27 stack frames</div></td></tr></table><p class="totop"><a href="#summary">back to summary</a></p>
<h3 id="m6">com.ust.pharmeasy.tests.VerifyFAQPage#beforeMethod</h3><table class="result"><tr><th class="invisible"/></tr></table><p class="totop"><a href="#summary">back to summary</a></p>
<h3 id="m7">com.ust.pharmeasy.tests.VerifyFAQPage#verifyMedicineAndHealthCareFAQ</h3><table class="result"><tr><th>Exception</th></tr><tr><td><div class="stacktrace">org.openqa.selenium.TimeoutException: timeout: Timed out receiving message from renderer: 30.000
  (Session info: chrome=125.0.6422.142)
Build info: version: &apos;4.20.0&apos;, revision: &apos;866c76ca80&apos;
System info: os.name: &apos;Windows 10&apos;, os.arch: &apos;amd64&apos;, os.version: &apos;10.0&apos;, java.version: &apos;17.0.11&apos;
Driver info: org.openqa.selenium.chrome.ChromeDriver
Command: [1d5b6f7fd338416f93e007d8f3fdedcc, clickElement {id=f.E0B4117E7CE806FE571E5B2383BCB768.d.C244371D3DD2C14698A0F7F6A796492D.e.1055}]
Capabilities {acceptInsecureCerts: false, browserName: chrome, browserVersion: 125.0.6422.142, chrome: {chromedriverVersion: 125.0.6422.141 (4b1e8393712..., userDataDir: C:\Users\271662\AppData\Loc...}, fedcm:accounts: true, goog:chromeOptions: {debuggerAddress: localhost:55468}, networkConnectionEnabled: false, pageLoadStrategy: normal, platformName: windows, proxy: Proxy(), se:cdp: ws://localhost:55468/devtoo..., se:cdpVersion: 125.0.6422.142, setWindowRect: true, strictFileInteractability: false, timeouts: {implicit: 0, pageLoad: 300000, script: 30000}, unhandledPromptBehavior: dismiss and notify, webauthn:extension:credBlob: true, webauthn:extension:largeBlob: true, webauthn:extension:minPinLength: true, webauthn:extension:prf: true, webauthn:virtualAuthenticators: true}
Element: [[ChromeDriver: chrome on windows (1d5b6f7fd338416f93e007d8f3fdedcc)] -&gt; link text: FAQs]
Session ID: 1d5b6f7fd338416f93e007d8f3fdedcc
	at org.openqa.selenium.remote.ErrorCodec.decode(ErrorCodec.java:167)
	at org.openqa.selenium.remote.codec.w3c.W3CHttpResponseCodec.decode(W3CHttpResponseCodec.java:138)
	at org.openqa.selenium.remote.codec.w3c.W3CHttpResponseCodec.decode(W3CHttpResponseCodec.java:50)
	at org.openqa.selenium.remote.HttpCommandExecutor.execute(HttpCommandExecutor.java:190)
	at org.openqa.selenium.remote.service.DriverCommandExecutor.invokeExecute(DriverCommandExecutor.java:216)
	at org.openqa.selenium.remote.service.DriverCommandExecutor.execute(DriverCommandExecutor.java:174)
	at org.openqa.selenium.remote.RemoteWebDriver.execute(RemoteWebDriver.java:518)
	at org.openqa.selenium.remote.RemoteWebElement.execute(RemoteWebElement.java:223)
	at org.openqa.selenium.remote.RemoteWebElement.click(RemoteWebElement.java:76)
	at org.openqa.selenium.support.pagefactory.internal.LocatingElementHandler.invoke(LocatingElementHandler.java:51)
	at jdk.proxy2/jdk.proxy2.$Proxy19.click(Unknown Source)
	at com.ust.pharmeasy.pageimpl.HomePageImpl.openFaqPage(HomePageImpl.java:107)
	at com.ust.pharmeasy.tests.VerifyFAQPage.beforeMethod(VerifyFAQPage.java:74)
	at java.base/java.util.ArrayList.forEach(ArrayList.java:1511)
... Removed 40 stack frames</div></td></tr></table><p class="totop"><a href="#summary">back to summary</a></p>
<h3 id="m8">com.ust.pharmeasy.tests.VerifyFAQPage#verifyPaymentFAQ</h3><table class="result"><tr><th>Exception</th></tr><tr><td><div class="stacktrace">org.openqa.selenium.TimeoutException: timeout: Timed out receiving message from renderer: 30.000
  (Session info: chrome=125.0.6422.142)
Build info: version: &apos;4.20.0&apos;, revision: &apos;866c76ca80&apos;
System info: os.name: &apos;Windows 10&apos;, os.arch: &apos;amd64&apos;, os.version: &apos;10.0&apos;, java.version: &apos;17.0.11&apos;
Driver info: org.openqa.selenium.chrome.ChromeDriver
Command: [1d5b6f7fd338416f93e007d8f3fdedcc, clickElement {id=f.E0B4117E7CE806FE571E5B2383BCB768.d.C244371D3DD2C14698A0F7F6A796492D.e.1055}]
Capabilities {acceptInsecureCerts: false, browserName: chrome, browserVersion: 125.0.6422.142, chrome: {chromedriverVersion: 125.0.6422.141 (4b1e8393712..., userDataDir: C:\Users\271662\AppData\Loc...}, fedcm:accounts: true, goog:chromeOptions: {debuggerAddress: localhost:55468}, networkConnectionEnabled: false, pageLoadStrategy: normal, platformName: windows, proxy: Proxy(), se:cdp: ws://localhost:55468/devtoo..., se:cdpVersion: 125.0.6422.142, setWindowRect: true, strictFileInteractability: false, timeouts: {implicit: 0, pageLoad: 300000, script: 30000}, unhandledPromptBehavior: dismiss and notify, webauthn:extension:credBlob: true, webauthn:extension:largeBlob: true, webauthn:extension:minPinLength: true, webauthn:extension:prf: true, webauthn:virtualAuthenticators: true}
Element: [[ChromeDriver: chrome on windows (1d5b6f7fd338416f93e007d8f3fdedcc)] -&gt; link text: FAQs]
Session ID: 1d5b6f7fd338416f93e007d8f3fdedcc
	at org.openqa.selenium.remote.ErrorCodec.decode(ErrorCodec.java:167)
	at org.openqa.selenium.remote.codec.w3c.W3CHttpResponseCodec.decode(W3CHttpResponseCodec.java:138)
	at org.openqa.selenium.remote.codec.w3c.W3CHttpResponseCodec.decode(W3CHttpResponseCodec.java:50)
	at org.openqa.selenium.remote.HttpCommandExecutor.execute(HttpCommandExecutor.java:190)
	at org.openqa.selenium.remote.service.DriverCommandExecutor.invokeExecute(DriverCommandExecutor.java:216)
	at org.openqa.selenium.remote.service.DriverCommandExecutor.execute(DriverCommandExecutor.java:174)
	at org.openqa.selenium.remote.RemoteWebDriver.execute(RemoteWebDriver.java:518)
	at org.openqa.selenium.remote.RemoteWebElement.execute(RemoteWebElement.java:223)
	at org.openqa.selenium.remote.RemoteWebElement.click(RemoteWebElement.java:76)
	at org.openqa.selenium.support.pagefactory.internal.LocatingElementHandler.invoke(LocatingElementHandler.java:51)
	at jdk.proxy2/jdk.proxy2.$Proxy19.click(Unknown Source)
	at com.ust.pharmeasy.pageimpl.HomePageImpl.openFaqPage(HomePageImpl.java:107)
	at com.ust.pharmeasy.tests.VerifyFAQPage.beforeMethod(VerifyFAQPage.java:74)
	at java.base/java.util.ArrayList.forEach(ArrayList.java:1511)
... Removed 40 stack frames</div></td></tr></table><p class="totop"><a href="#summary">back to summary</a></p>
<h3 id="m9">com.ust.pharmeasy.tests.VerifyFAQPage#verifyDelivaryFAQ</h3><table class="result"><tr><th class="invisible"/></tr></table><p class="totop"><a href="#summary">back to summary</a></p>
<h3 id="m10">com.ust.pharmeasy.tests.VerifyFAQPage#verifyDiagonosticsFAQ</h3><table class="result"><tr><th class="invisible"/></tr></table><p class="totop"><a href="#summary">back to summary</a></p>
<h3 id="m11">com.ust.pharmeasy.tests.VerifyOffersCatagory#verifyDiagonoticOffer</h3><table class="result"><tr><th class="invisible"/></tr></table><p class="totop"><a href="#summary">back to summary</a></p>
<h3 id="m12">com.ust.pharmeasy.tests.VerifyOffersCatagory#verifyHealthcareOffer</h3><table class="result"><tr><th class="invisible"/></tr></table><p class="totop"><a href="#summary">back to summary</a></p>
<h3 id="m13">com.ust.pharmeasy.tests.VerifyPrescriptionRequiredProducts#verifyPrescriptionNotRequiredIcon</h3><table class="result"><tr><th class="invisible"/></tr></table><p class="totop"><a href="#summary">back to summary</a></p>
<h3 id="m14">com.ust.pharmeasy.tests.VerifyPrescriptionRequiredProducts#verifyPrescriptionRequiredIcon</h3><table class="result"><tr><th class="invisible"/></tr></table><p class="totop"><a href="#summary">back to summary</a></p>
</body>
</html>
